This file contains any messages produced by compilers while
running configure, to aid debugging if configure makes a mistake.

It was created by udev configure 164, which was
generated by GNU Autoconf 2.67.  Invocation command line was

  $ ./configure --disable-introspection --disable-extras --prefix=/usr --exec-prefix=/ --libexecdir=/lib/udev --host=arm-none-linux-gnueabi

## --------- ##
## Platform. ##
## --------- ##

hostname = robin
uname -m = i686
uname -r = 2.6.38-13-generic-pae
uname -s = Linux
uname -v = #56-Ubuntu SMP Tue Feb 14 14:32:30 UTC 2012

/usr/bin/uname -p = unknown
/bin/uname -X     = unknown

/bin/arch              = unknown
/usr/bin/arch -k       = unknown
/usr/convex/getsysinfo = unknown
/usr/bin/hostinfo      = unknown
/bin/machine           = unknown
/usr/bin/oslevel       = unknown
/bin/universe          = unknown

PATH: /home/ymorgan/ardrone-2.1.16/linux/ardrone2_ARDrone2_Version_20120127_2/Linux/lucie/build/staging-dir_arm_ardrone2/bin
PATH: /opt/arm-2010.09/bin
PATH: /usr/local/sbin
PATH: /usr/local/bin
PATH: /usr/sbin
PATH: /usr/bin
PATH: /sbin
PATH: /bin
PATH: /usr/games


## ----------- ##
## Core tests. ##
## ----------- ##

configure:2461: checking for a BSD-compatible install
configure:2529: result: /usr/bin/install -c
configure:2540: checking whether build environment is sane
configure:2590: result: yes
configure:2639: checking for arm-none-linux-gnueabi-strip
configure:2666: result: /opt/arm-2010.09/bin/arm-none-linux-gnueabi-strip
configure:2731: checking for a thread-safe mkdir -p
configure:2770: result: /bin/mkdir -p
configure:2783: checking for gawk
configure:2799: found /usr/bin/gawk
configure:2810: result: gawk
configure:2821: checking whether make sets $(MAKE)
configure:2843: result: yes
configure:2978: checking for style of include used by make
configure:3006: result: GNU
configure:3036: checking for arm-none-linux-gnueabi-gcc
configure:3063: result: /opt/arm-2010.09/bin/arm-none-linux-gnueabi-gcc
configure:3332: checking for C compiler version
configure:3341: /opt/arm-2010.09/bin/arm-none-linux-gnueabi-gcc --version >&5
arm-none-linux-gnueabi-gcc (Sourcery G++ Lite 2010.09-50) 4.5.1
Copyright (C) 2010 Free Software Foundation, Inc.
This is free software; see the source for copying conditions.  There is NO
warranty; not even for MERCHANTABILITY or FITNESS FOR A PARTICULAR PURPOSE.

configure:3352: $? = 0
configure:3341: /opt/arm-2010.09/bin/arm-none-linux-gnueabi-gcc -v >&5
Using built-in specs.
COLLECT_GCC=/opt/arm-2010.09/bin/arm-none-linux-gnueabi-gcc
COLLECT_LTO_WRAPPER=/opt/arm-2010.09/bin/../libexec/gcc/arm-none-linux-gnueabi/4.5.1/lto-wrapper
Target: arm-none-linux-gnueabi
Configured with: /scratch/nathan/arm-lite/src/gcc-4.5-2010.09/configure --build=i686-pc-linux-gnu --host=i686-pc-linux-gnu --target=arm-none-linux-gnueabi --enable-threads --disable-libmudflap --disable-libssp --disable-libstdcxx-pch --enable-extra-sgxxlite-multilibs --with-arch=armv5te --with-gnu-as --with-gnu-ld --with-specs='%{save-temps: -fverbose-asm} %{funwind-tables|fno-unwind-tables|mabi=*|ffreestanding|nostdlib:;:-funwind-tables} -D__CS_SOURCERYGXX_MAJ__=2010 -D__CS_SOURCERYGXX_MIN__=9 -D__CS_SOURCERYGXX_REV__=50 %{O2:%{!fno-remove-local-statics: -fremove-local-statics}} %{O*:%{O|O0|O1|O2|Os:;:%{!fno-remove-local-statics: -fremove-local-statics}}}' --enable-languages=c,c++ --enable-shared --enable-lto --enable-symvers=gnu --enable-__cxa_atexit --with-pkgversion='Sourcery G++ Lite 2010.09-50' --with-bugurl=https://support.codesourcery.com/GNUToolchain/ --disable-nls --prefix=/opt/codesourcery --with-sysroot=/opt/codesourcery/arm-none-linux-gnueabi/libc --with-build-sysroot=/scratch/nathan/arm-lite/install/arm-none-linux-gnueabi/libc --with-gmp=/scratch/nathan/arm-lite/obj/host-libs-2010.09-50-arm-none-linux-gnueabi-i686-pc-linux-gnu/usr --with-mpfr=/scratch/nathan/arm-lite/obj/host-libs-2010.09-50-arm-none-linux-gnueabi-i686-pc-linux-gnu/usr --with-mpc=/scratch/nathan/arm-lite/obj/host-libs-2010.09-50-arm-none-linux-gnueabi-i686-pc-linux-gnu/usr --with-ppl=/scratch/nathan/arm-lite/obj/host-libs-2010.09-50-arm-none-linux-gnueabi-i686-pc-linux-gnu/usr --with-host-libstdcxx='-static-libgcc -Wl,-Bstatic,-lstdc++,-Bdynamic -lm' --with-cloog=/scratch/nathan/arm-lite/obj/host-libs-2010.09-50-arm-none-linux-gnueabi-i686-pc-linux-gnu/usr --with-libelf=/scratch/nathan/arm-lite/obj/host-libs-2010.09-50-arm-none-linux-gnueabi-i686-pc-linux-gnu/usr --disable-libgomp --enable-poison-system-directories --with-build-time-tools=/scratch/nathan/arm-lite/install/arm-none-linux-gnueabi/bin --with-build-time-tools=/scratch/nathan/arm-lite/install/arm-none-linux-gnueabi/bin
Thread model: posix
gcc version 4.5.1 (Sourcery G++ Lite 2010.09-50) 
configure:3352: $? = 0
configure:3341: /opt/arm-2010.09/bin/arm-none-linux-gnueabi-gcc -V >&5
arm-none-linux-gnueabi-gcc: '-V' option must have argument
configure:3352: $? = 1
configure:3341: /opt/arm-2010.09/bin/arm-none-linux-gnueabi-gcc -qversion >&5
arm-none-linux-gnueabi-gcc: unrecognized option '-qversion'
arm-none-linux-gnueabi-gcc: no input files
configure:3352: $? = 1
configure:3372: checking whether the C compiler works
configure:3394: /opt/arm-2010.09/bin/arm-none-linux-gnueabi-gcc -Os -pipe  -I/home/ymorgan/ardrone-2.1.16/linux/ardrone2_ARDrone2_Version_20120127_2/Linux/lucie/build/staging-dir_arm_ardrone2/include -I/home/ymorgan/ardrone-2.1.16/linux/ardrone2_ARDrone2_Version_20120127_2/Linux/lucie/build/staging-dir_arm_ardrone2/usr/include -I/opt/arm-2010.09/arm-none-linux-gnueabi/include   -Os -pipe  -I/home/ymorgan/ardrone-2.1.16/linux/ardrone2_ARDrone2_Version_20120127_2/Linux/lucie/build/staging-dir_arm_ardrone2/include -I/home/ymorgan/ardrone-2.1.16/linux/ardrone2_ARDrone2_Version_20120127_2/Linux/lucie/build/staging-dir_arm_ardrone2/usr/include -I/opt/arm-2010.09/arm-none-linux-gnueabi/include   -L/home/ymorgan/ardrone-2.1.16/linux/ardrone2_ARDrone2_Version_20120127_2/Linux/lucie/build/staging-dir_arm_ardrone2/lib -L/home/ymorgan/ardrone-2.1.16/linux/ardrone2_ARDrone2_Version_20120127_2/Linux/lucie/build/staging-dir_arm_ardrone2/usr/lib conftest.c  >&5
configure:3398: $? = 0
configure:3446: result: yes
configure:3449: checking for C compiler default output file name
configure:3451: result: a.out
configure:3457: checking for suffix of executables
configure:3464: /opt/arm-2010.09/bin/arm-none-linux-gnueabi-gcc -o conftest -Os -pipe  -I/home/ymorgan/ardrone-2.1.16/linux/ardrone2_ARDrone2_Version_20120127_2/Linux/lucie/build/staging-dir_arm_ardrone2/include -I/home/ymorgan/ardrone-2.1.16/linux/ardrone2_ARDrone2_Version_20120127_2/Linux/lucie/build/staging-dir_arm_ardrone2/usr/include -I/opt/arm-2010.09/arm-none-linux-gnueabi/include   -Os -pipe  -I/home/ymorgan/ardrone-2.1.16/linux/ardrone2_ARDrone2_Version_20120127_2/Linux/lucie/build/staging-dir_arm_ardrone2/include -I/home/ymorgan/ardrone-2.1.16/linux/ardrone2_ARDrone2_Version_20120127_2/Linux/lucie/build/staging-dir_arm_ardrone2/usr/include -I/opt/arm-2010.09/arm-none-linux-gnueabi/include   -L/home/ymorgan/ardrone-2.1.16/linux/ardrone2_ARDrone2_Version_20120127_2/Linux/lucie/build/staging-dir_arm_ardrone2/lib -L/home/ymorgan/ardrone-2.1.16/linux/ardrone2_ARDrone2_Version_20120127_2/Linux/lucie/build/staging-dir_arm_ardrone2/usr/lib conftest.c  >&5
configure:3468: $? = 0
configure:3490: result: 
configure:3512: checking whether we are cross compiling
configure:3520: /opt/arm-2010.09/bin/arm-none-linux-gnueabi-gcc -o conftest -Os -pipe  -I/home/ymorgan/ardrone-2.1.16/linux/ardrone2_ARDrone2_Version_20120127_2/Linux/lucie/build/staging-dir_arm_ardrone2/include -I/home/ymorgan/ardrone-2.1.16/linux/ardrone2_ARDrone2_Version_20120127_2/Linux/lucie/build/staging-dir_arm_ardrone2/usr/include -I/opt/arm-2010.09/arm-none-linux-gnueabi/include   -Os -pipe  -I/home/ymorgan/ardrone-2.1.16/linux/ardrone2_ARDrone2_Version_20120127_2/Linux/lucie/build/staging-dir_arm_ardrone2/include -I/home/ymorgan/ardrone-2.1.16/linux/ardrone2_ARDrone2_Version_20120127_2/Linux/lucie/build/staging-dir_arm_ardrone2/usr/include -I/opt/arm-2010.09/arm-none-linux-gnueabi/include   -L/home/ymorgan/ardrone-2.1.16/linux/ardrone2_ARDrone2_Version_20120127_2/Linux/lucie/build/staging-dir_arm_ardrone2/lib -L/home/ymorgan/ardrone-2.1.16/linux/ardrone2_ARDrone2_Version_20120127_2/Linux/lucie/build/staging-dir_arm_ardrone2/usr/lib conftest.c  >&5
configure:3524: $? = 0
configure:3531: ./conftest
./configure: line 3533: ./conftest: cannot execute binary file
configure:3535: $? = 126
configure:3550: result: yes
configure:3555: checking for suffix of object files
configure:3577: /opt/arm-2010.09/bin/arm-none-linux-gnueabi-gcc -c -Os -pipe  -I/home/ymorgan/ardrone-2.1.16/linux/ardrone2_ARDrone2_Version_20120127_2/Linux/lucie/build/staging-dir_arm_ardrone2/include -I/home/ymorgan/ardrone-2.1.16/linux/ardrone2_ARDrone2_Version_20120127_2/Linux/lucie/build/staging-dir_arm_ardrone2/usr/include -I/opt/arm-2010.09/arm-none-linux-gnueabi/include   -Os -pipe  -I/home/ymorgan/ardrone-2.1.16/linux/ardrone2_ARDrone2_Version_20120127_2/Linux/lucie/build/staging-dir_arm_ardrone2/include -I/home/ymorgan/ardrone-2.1.16/linux/ardrone2_ARDrone2_Version_20120127_2/Linux/lucie/build/staging-dir_arm_ardrone2/usr/include -I/opt/arm-2010.09/arm-none-linux-gnueabi/include   conftest.c >&5
configure:3581: $? = 0
configure:3602: result: o
configure:3606: checking whether we are using the GNU C compiler
configure:3625: /opt/arm-2010.09/bin/arm-none-linux-gnueabi-gcc -c -Os -pipe  -I/home/ymorgan/ardrone-2.1.16/linux/ardrone2_ARDrone2_Version_20120127_2/Linux/lucie/build/staging-dir_arm_ardrone2/include -I/home/ymorgan/ardrone-2.1.16/linux/ardrone2_ARDrone2_Version_20120127_2/Linux/lucie/build/staging-dir_arm_ardrone2/usr/include -I/opt/arm-2010.09/arm-none-linux-gnueabi/include   -Os -pipe  -I/home/ymorgan/ardrone-2.1.16/linux/ardrone2_ARDrone2_Version_20120127_2/Linux/lucie/build/staging-dir_arm_ardrone2/include -I/home/ymorgan/ardrone-2.1.16/linux/ardrone2_ARDrone2_Version_20120127_2/Linux/lucie/build/staging-dir_arm_ardrone2/usr/include -I/opt/arm-2010.09/arm-none-linux-gnueabi/include   conftest.c >&5
configure:3625: $? = 0
configure:3634: result: yes
configure:3643: checking whether /opt/arm-2010.09/bin/arm-none-linux-gnueabi-gcc accepts -g
configure:3663: /opt/arm-2010.09/bin/arm-none-linux-gnueabi-gcc -c -g -Os -pipe  -I/home/ymorgan/ardrone-2.1.16/linux/ardrone2_ARDrone2_Version_20120127_2/Linux/lucie/build/staging-dir_arm_ardrone2/include -I/home/ymorgan/ardrone-2.1.16/linux/ardrone2_ARDrone2_Version_20120127_2/Linux/lucie/build/staging-dir_arm_ardrone2/usr/include -I/opt/arm-2010.09/arm-none-linux-gnueabi/include   conftest.c >&5
configure:3663: $? = 0
configure:3704: result: yes
configure:3721: checking for /opt/arm-2010.09/bin/arm-none-linux-gnueabi-gcc option to accept ISO C89
configure:3785: /opt/arm-2010.09/bin/arm-none-linux-gnueabi-gcc  -c -Os -pipe  -I/home/ymorgan/ardrone-2.1.16/linux/ardrone2_ARDrone2_Version_20120127_2/Linux/lucie/build/staging-dir_arm_ardrone2/include -I/home/ymorgan/ardrone-2.1.16/linux/ardrone2_ARDrone2_Version_20120127_2/Linux/lucie/build/staging-dir_arm_ardrone2/usr/include -I/opt/arm-2010.09/arm-none-linux-gnueabi/include   -Os -pipe  -I/home/ymorgan/ardrone-2.1.16/linux/ardrone2_ARDrone2_Version_20120127_2/Linux/lucie/build/staging-dir_arm_ardrone2/include -I/home/ymorgan/ardrone-2.1.16/linux/ardrone2_ARDrone2_Version_20120127_2/Linux/lucie/build/staging-dir_arm_ardrone2/usr/include -I/opt/arm-2010.09/arm-none-linux-gnueabi/include   conftest.c >&5
configure:3785: $? = 0
configure:3798: result: none needed
configure:3820: checking dependency style of /opt/arm-2010.09/bin/arm-none-linux-gnueabi-gcc
configure:3930: result: gcc3
configure:3951: checking how to run the C preprocessor
configure:4021: result: /opt/arm-2010.09/bin/arm-none-linux-gnueabi-cpp
configure:4041: /opt/arm-2010.09/bin/arm-none-linux-gnueabi-cpp -Os -pipe  -I/home/ymorgan/ardrone-2.1.16/linux/ardrone2_ARDrone2_Version_20120127_2/Linux/lucie/build/staging-dir_arm_ardrone2/include -I/home/ymorgan/ardrone-2.1.16/linux/ardrone2_ARDrone2_Version_20120127_2/Linux/lucie/build/staging-dir_arm_ardrone2/usr/include -I/opt/arm-2010.09/arm-none-linux-gnueabi/include   conftest.c
configure:4041: $? = 0
configure:4055: /opt/arm-2010.09/bin/arm-none-linux-gnueabi-cpp -Os -pipe  -I/home/ymorgan/ardrone-2.1.16/linux/ardrone2_ARDrone2_Version_20120127_2/Linux/lucie/build/staging-dir_arm_ardrone2/include -I/home/ymorgan/ardrone-2.1.16/linux/ardrone2_ARDrone2_Version_20120127_2/Linux/lucie/build/staging-dir_arm_ardrone2/usr/include -I/opt/arm-2010.09/arm-none-linux-gnueabi/include   conftest.c
conftest.c:11:28: fatal error: ac_nonexistent.h: No such file or directory
compilation terminated.
configure:4055: $? = 1
configure: failed program was:
| /* confdefs.h */
| #define PACKAGE_NAME "udev"
| #define PACKAGE_TARNAME "udev"
| #define PACKAGE_VERSION "164"
| #define PACKAGE_STRING "udev 164"
| #define PACKAGE_BUGREPORT "linux-hotplug@vger.kernel.org"
| #define PACKAGE_URL ""
| #define PACKAGE "udev"
| #define VERSION "164"
| /* end confdefs.h.  */
| #include <ac_nonexistent.h>
configure:4084: checking for grep that handles long lines and -e
configure:4142: result: /bin/grep
configure:4147: checking for egrep
configure:4209: result: /bin/grep -E
configure:4214: checking for ANSI C header files
configure:4234: /opt/arm-2010.09/bin/arm-none-linux-gnueabi-gcc -c -Os -pipe  -I/home/ymorgan/ardrone-2.1.16/linux/ardrone2_ARDrone2_Version_20120127_2/Linux/lucie/build/staging-dir_arm_ardrone2/include -I/home/ymorgan/ardrone-2.1.16/linux/ardrone2_ARDrone2_Version_20120127_2/Linux/lucie/build/staging-dir_arm_ardrone2/usr/include -I/opt/arm-2010.09/arm-none-linux-gnueabi/include   -Os -pipe  -I/home/ymorgan/ardrone-2.1.16/linux/ardrone2_ARDrone2_Version_20120127_2/Linux/lucie/build/staging-dir_arm_ardrone2/include -I/home/ymorgan/ardrone-2.1.16/linux/ardrone2_ARDrone2_Version_20120127_2/Linux/lucie/build/staging-dir_arm_ardrone2/usr/include -I/opt/arm-2010.09/arm-none-linux-gnueabi/include   conftest.c >&5
configure:4234: $? = 0
configure:4318: result: yes
configure:4331: checking for sys/types.h
configure:4331: /opt/arm-2010.09/bin/arm-none-linux-gnueabi-gcc -c -Os -pipe  -I/home/ymorgan/ardrone-2.1.16/linux/ardrone2_ARDrone2_Version_20120127_2/Linux/lucie/build/staging-dir_arm_ardrone2/include -I/home/ymorgan/ardrone-2.1.16/linux/ardrone2_ARDrone2_Version_20120127_2/Linux/lucie/build/staging-dir_arm_ardrone2/usr/include -I/opt/arm-2010.09/arm-none-linux-gnueabi/include   -Os -pipe  -I/home/ymorgan/ardrone-2.1.16/linux/ardrone2_ARDrone2_Version_20120127_2/Linux/lucie/build/staging-dir_arm_ardrone2/include -I/home/ymorgan/ardrone-2.1.16/linux/ardrone2_ARDrone2_Version_20120127_2/Linux/lucie/build/staging-dir_arm_ardrone2/usr/include -I/opt/arm-2010.09/arm-none-linux-gnueabi/include   conftest.c >&5
configure:4331: $? = 0
configure:4331: result: yes
configure:4331: checking for sys/stat.h
configure:4331: /opt/arm-2010.09/bin/arm-none-linux-gnueabi-gcc -c -Os -pipe  -I/home/ymorgan/ardrone-2.1.16/linux/ardrone2_ARDrone2_Version_20120127_2/Linux/lucie/build/staging-dir_arm_ardrone2/include -I/home/ymorgan/ardrone-2.1.16/linux/ardrone2_ARDrone2_Version_20120127_2/Linux/lucie/build/staging-dir_arm_ardrone2/usr/include -I/opt/arm-2010.09/arm-none-linux-gnueabi/include   -Os -pipe  -I/home/ymorgan/ardrone-2.1.16/linux/ardrone2_ARDrone2_Version_20120127_2/Linux/lucie/build/staging-dir_arm_ardrone2/include -I/home/ymorgan/ardrone-2.1.16/linux/ardrone2_ARDrone2_Version_20120127_2/Linux/lucie/build/staging-dir_arm_ardrone2/usr/include -I/opt/arm-2010.09/arm-none-linux-gnueabi/include   conftest.c >&5
configure:4331: $? = 0
configure:4331: result: yes
configure:4331: checking for stdlib.h
configure:4331: /opt/arm-2010.09/bin/arm-none-linux-gnueabi-gcc -c -Os -pipe  -I/home/ymorgan/ardrone-2.1.16/linux/ardrone2_ARDrone2_Version_20120127_2/Linux/lucie/build/staging-dir_arm_ardrone2/include -I/home/ymorgan/ardrone-2.1.16/linux/ardrone2_ARDrone2_Version_20120127_2/Linux/lucie/build/staging-dir_arm_ardrone2/usr/include -I/opt/arm-2010.09/arm-none-linux-gnueabi/include   -Os -pipe  -I/home/ymorgan/ardrone-2.1.16/linux/ardrone2_ARDrone2_Version_20120127_2/Linux/lucie/build/staging-dir_arm_ardrone2/include -I/home/ymorgan/ardrone-2.1.16/linux/ardrone2_ARDrone2_Version_20120127_2/Linux/lucie/build/staging-dir_arm_ardrone2/usr/include -I/opt/arm-2010.09/arm-none-linux-gnueabi/include   conftest.c >&5
configure:4331: $? = 0
configure:4331: result: yes
configure:4331: checking for string.h
configure:4331: /opt/arm-2010.09/bin/arm-none-linux-gnueabi-gcc -c -Os -pipe  -I/home/ymorgan/ardrone-2.1.16/linux/ardrone2_ARDrone2_Version_20120127_2/Linux/lucie/build/staging-dir_arm_ardrone2/include -I/home/ymorgan/ardrone-2.1.16/linux/ardrone2_ARDrone2_Version_20120127_2/Linux/lucie/build/staging-dir_arm_ardrone2/usr/include -I/opt/arm-2010.09/arm-none-linux-gnueabi/include   -Os -pipe  -I/home/ymorgan/ardrone-2.1.16/linux/ardrone2_ARDrone2_Version_20120127_2/Linux/lucie/build/staging-dir_arm_ardrone2/include -I/home/ymorgan/ardrone-2.1.16/linux/ardrone2_ARDrone2_Version_20120127_2/Linux/lucie/build/staging-dir_arm_ardrone2/usr/include -I/opt/arm-2010.09/arm-none-linux-gnueabi/include   conftest.c >&5
configure:4331: $? = 0
configure:4331: result: yes
configure:4331: checking for memory.h
configure:4331: /opt/arm-2010.09/bin/arm-none-linux-gnueabi-gcc -c -Os -pipe  -I/home/ymorgan/ardrone-2.1.16/linux/ardrone2_ARDrone2_Version_20120127_2/Linux/lucie/build/staging-dir_arm_ardrone2/include -I/home/ymorgan/ardrone-2.1.16/linux/ardrone2_ARDrone2_Version_20120127_2/Linux/lucie/build/staging-dir_arm_ardrone2/usr/include -I/opt/arm-2010.09/arm-none-linux-gnueabi/include   -Os -pipe  -I/home/ymorgan/ardrone-2.1.16/linux/ardrone2_ARDrone2_Version_20120127_2/Linux/lucie/build/staging-dir_arm_ardrone2/include -I/home/ymorgan/ardrone-2.1.16/linux/ardrone2_ARDrone2_Version_20120127_2/Linux/lucie/build/staging-dir_arm_ardrone2/usr/include -I/opt/arm-2010.09/arm-none-linux-gnueabi/include   conftest.c >&5
configure:4331: $? = 0
configure:4331: result: yes
configure:4331: checking for strings.h
configure:4331: /opt/arm-2010.09/bin/arm-none-linux-gnueabi-gcc -c -Os -pipe  -I/home/ymorgan/ardrone-2.1.16/linux/ardrone2_ARDrone2_Version_20120127_2/Linux/lucie/build/staging-dir_arm_ardrone2/include -I/home/ymorgan/ardrone-2.1.16/linux/ardrone2_ARDrone2_Version_20120127_2/Linux/lucie/build/staging-dir_arm_ardrone2/usr/include -I/opt/arm-2010.09/arm-none-linux-gnueabi/include   -Os -pipe  -I/home/ymorgan/ardrone-2.1.16/linux/ardrone2_ARDrone2_Version_20120127_2/Linux/lucie/build/staging-dir_arm_ardrone2/include -I/home/ymorgan/ardrone-2.1.16/linux/ardrone2_ARDrone2_Version_20120127_2/Linux/lucie/build/staging-dir_arm_ardrone2/usr/include -I/opt/arm-2010.09/arm-none-linux-gnueabi/include   conftest.c >&5
configure:4331: $? = 0
configure:4331: result: yes
configure:4331: checking for inttypes.h
configure:4331: /opt/arm-2010.09/bin/arm-none-linux-gnueabi-gcc -c -Os -pipe  -I/home/ymorgan/ardrone-2.1.16/linux/ardrone2_ARDrone2_Version_20120127_2/Linux/lucie/build/staging-dir_arm_ardrone2/include -I/home/ymorgan/ardrone-2.1.16/linux/ardrone2_ARDrone2_Version_20120127_2/Linux/lucie/build/staging-dir_arm_ardrone2/usr/include -I/opt/arm-2010.09/arm-none-linux-gnueabi/include   -Os -pipe  -I/home/ymorgan/ardrone-2.1.16/linux/ardrone2_ARDrone2_Version_20120127_2/Linux/lucie/build/staging-dir_arm_ardrone2/include -I/home/ymorgan/ardrone-2.1.16/linux/ardrone2_ARDrone2_Version_20120127_2/Linux/lucie/build/staging-dir_arm_ardrone2/usr/include -I/opt/arm-2010.09/arm-none-linux-gnueabi/include   conftest.c >&5
configure:4331: $? = 0
configure:4331: result: yes
configure:4331: checking for stdint.h
configure:4331: /opt/arm-2010.09/bin/arm-none-linux-gnueabi-gcc -c -Os -pipe  -I/home/ymorgan/ardrone-2.1.16/linux/ardrone2_ARDrone2_Version_20120127_2/Linux/lucie/build/staging-dir_arm_ardrone2/include -I/home/ymorgan/ardrone-2.1.16/linux/ardrone2_ARDrone2_Version_20120127_2/Linux/lucie/build/staging-dir_arm_ardrone2/usr/include -I/opt/arm-2010.09/arm-none-linux-gnueabi/include   -Os -pipe  -I/home/ymorgan/ardrone-2.1.16/linux/ardrone2_ARDrone2_Version_20120127_2/Linux/lucie/build/staging-dir_arm_ardrone2/include -I/home/ymorgan/ardrone-2.1.16/linux/ardrone2_ARDrone2_Version_20120127_2/Linux/lucie/build/staging-dir_arm_ardrone2/usr/include -I/opt/arm-2010.09/arm-none-linux-gnueabi/include   conftest.c >&5
configure:4331: $? = 0
configure:4331: result: yes
configure:4331: checking for unistd.h
configure:4331: /opt/arm-2010.09/bin/arm-none-linux-gnueabi-gcc -c -Os -pipe  -I/home/ymorgan/ardrone-2.1.16/linux/ardrone2_ARDrone2_Version_20120127_2/Linux/lucie/build/staging-dir_arm_ardrone2/include -I/home/ymorgan/ardrone-2.1.16/linux/ardrone2_ARDrone2_Version_20120127_2/Linux/lucie/build/staging-dir_arm_ardrone2/usr/include -I/opt/arm-2010.09/arm-none-linux-gnueabi/include   -Os -pipe  -I/home/ymorgan/ardrone-2.1.16/linux/ardrone2_ARDrone2_Version_20120127_2/Linux/lucie/build/staging-dir_arm_ardrone2/include -I/home/ymorgan/ardrone-2.1.16/linux/ardrone2_ARDrone2_Version_20120127_2/Linux/lucie/build/staging-dir_arm_ardrone2/usr/include -I/opt/arm-2010.09/arm-none-linux-gnueabi/include   conftest.c >&5
configure:4331: $? = 0
configure:4331: result: yes
configure:4344: checking minix/config.h usability
configure:4344: /opt/arm-2010.09/bin/arm-none-linux-gnueabi-gcc -c -Os -pipe  -I/home/ymorgan/ardrone-2.1.16/linux/ardrone2_ARDrone2_Version_20120127_2/Linux/lucie/build/staging-dir_arm_ardrone2/include -I/home/ymorgan/ardrone-2.1.16/linux/ardrone2_ARDrone2_Version_20120127_2/Linux/lucie/build/staging-dir_arm_ardrone2/usr/include -I/opt/arm-2010.09/arm-none-linux-gnueabi/include   -Os -pipe  -I/home/ymorgan/ardrone-2.1.16/linux/ardrone2_ARDrone2_Version_20120127_2/Linux/lucie/build/staging-dir_arm_ardrone2/include -I/home/ymorgan/ardrone-2.1.16/linux/ardrone2_ARDrone2_Version_20120127_2/Linux/lucie/build/staging-dir_arm_ardrone2/usr/include -I/opt/arm-2010.09/arm-none-linux-gnueabi/include   conftest.c >&5
conftest.c:54:26: fatal error: minix/config.h: No such file or directory
compilation terminated.
configure:4344: $? = 1
configure: failed program was:
| /* confdefs.h */
| #define PACKAGE_NAME "udev"
| #define PACKAGE_TARNAME "udev"
| #define PACKAGE_VERSION "164"
| #define PACKAGE_STRING "udev 164"
| #define PACKAGE_BUGREPORT "linux-hotplug@vger.kernel.org"
| #define PACKAGE_URL ""
| #define PACKAGE "udev"
| #define VERSION "164"
| #define STDC_HEADERS 1
| #define HAVE_SYS_TYPES_H 1
| #define HAVE_SYS_STAT_H 1
| #define HAVE_STDLIB_H 1
| #define HAVE_STRING_H 1
| #define HAVE_MEMORY_H 1
| #define HAVE_STRINGS_H 1
| #define HAVE_INTTYPES_H 1
| #define HAVE_STDINT_H 1
| #define HAVE_UNISTD_H 1
| /* end confdefs.h.  */
| #include <stdio.h>
| #ifdef HAVE_SYS_TYPES_H
| # include <sys/types.h>
| #endif
| #ifdef HAVE_SYS_STAT_H
| # include <sys/stat.h>
| #endif
| #ifdef STDC_HEADERS
| # include <stdlib.h>
| # include <stddef.h>
| #else
| # ifdef HAVE_STDLIB_H
| #  include <stdlib.h>
| # endif
| #endif
| #ifdef HAVE_STRING_H
| # if !defined STDC_HEADERS && defined HAVE_MEMORY_H
| #  include <memory.h>
| # endif
| # include <string.h>
| #endif
| #ifdef HAVE_STRINGS_H
| # include <strings.h>
| #endif
| #ifdef HAVE_INTTYPES_H
| # include <inttypes.h>
| #endif
| #ifdef HAVE_STDINT_H
| # include <stdint.h>
| #endif
| #ifdef HAVE_UNISTD_H
| # include <unistd.h>
| #endif
| #include <minix/config.h>
configure:4344: result: no
configure:4344: checking minix/config.h presence
configure:4344: /opt/arm-2010.09/bin/arm-none-linux-gnueabi-cpp -Os -pipe  -I/home/ymorgan/ardrone-2.1.16/linux/ardrone2_ARDrone2_Version_20120127_2/Linux/lucie/build/staging-dir_arm_ardrone2/include -I/home/ymorgan/ardrone-2.1.16/linux/ardrone2_ARDrone2_Version_20120127_2/Linux/lucie/build/staging-dir_arm_ardrone2/usr/include -I/opt/arm-2010.09/arm-none-linux-gnueabi/include   conftest.c
conftest.c:21:26: fatal error: minix/config.h: No such file or directory
compilation terminated.
configure:4344: $? = 1
configure: failed program was:
| /* confdefs.h */
| #define PACKAGE_NAME "udev"
| #define PACKAGE_TARNAME "udev"
| #define PACKAGE_VERSION "164"
| #define PACKAGE_STRING "udev 164"
| #define PACKAGE_BUGREPORT "linux-hotplug@vger.kernel.org"
| #define PACKAGE_URL ""
| #define PACKAGE "udev"
| #define VERSION "164"
| #define STDC_HEADERS 1
| #define HAVE_SYS_TYPES_H 1
| #define HAVE_SYS_STAT_H 1
| #define HAVE_STDLIB_H 1
| #define HAVE_STRING_H 1
| #define HAVE_MEMORY_H 1
| #define HAVE_STRINGS_H 1
| #define HAVE_INTTYPES_H 1
| #define HAVE_STDINT_H 1
| #define HAVE_UNISTD_H 1
| /* end confdefs.h.  */
| #include <minix/config.h>
configure:4344: result: no
configure:4344: checking for minix/config.h
configure:4344: result: no
configure:4365: checking whether it is safe to define __EXTENSIONS__
configure:4383: /opt/arm-2010.09/bin/arm-none-linux-gnueabi-gcc -c -Os -pipe  -I/home/ymorgan/ardrone-2.1.16/linux/ardrone2_ARDrone2_Version_20120127_2/Linux/lucie/build/staging-dir_arm_ardrone2/include -I/home/ymorgan/ardrone-2.1.16/linux/ardrone2_ARDrone2_Version_20120127_2/Linux/lucie/build/staging-dir_arm_ardrone2/usr/include -I/opt/arm-2010.09/arm-none-linux-gnueabi/include   -Os -pipe  -I/home/ymorgan/ardrone-2.1.16/linux/ardrone2_ARDrone2_Version_20120127_2/Linux/lucie/build/staging-dir_arm_ardrone2/include -I/home/ymorgan/ardrone-2.1.16/linux/ardrone2_ARDrone2_Version_20120127_2/Linux/lucie/build/staging-dir_arm_ardrone2/usr/include -I/opt/arm-2010.09/arm-none-linux-gnueabi/include   conftest.c >&5
configure:4383: $? = 0
configure:4390: result: yes
configure:4411: checking for special C compiler options needed for large files
configure:4456: result: no
configure:4462: checking for _FILE_OFFSET_BITS value needed for large files
configure:4487: /opt/arm-2010.09/bin/arm-none-linux-gnueabi-gcc -c -Os -pipe  -I/home/ymorgan/ardrone-2.1.16/linux/ardrone2_ARDrone2_Version_20120127_2/Linux/lucie/build/staging-dir_arm_ardrone2/include -I/home/ymorgan/ardrone-2.1.16/linux/ardrone2_ARDrone2_Version_20120127_2/Linux/lucie/build/staging-dir_arm_ardrone2/usr/include -I/opt/arm-2010.09/arm-none-linux-gnueabi/include   -Os -pipe  -I/home/ymorgan/ardrone-2.1.16/linux/ardrone2_ARDrone2_Version_20120127_2/Linux/lucie/build/staging-dir_arm_ardrone2/include -I/home/ymorgan/ardrone-2.1.16/linux/ardrone2_ARDrone2_Version_20120127_2/Linux/lucie/build/staging-dir_arm_ardrone2/usr/include -I/opt/arm-2010.09/arm-none-linux-gnueabi/include   conftest.c >&5
conftest.c:32:3: warning: left shift count >= width of type
conftest.c:32:3: warning: left shift count >= width of type
conftest.c:33:10: warning: left shift count >= width of type
conftest.c:33:10: warning: left shift count >= width of type
conftest.c:32:7: error: size of array 'off_t_is_large' is negative
conftest.c:34:9: warning: variably modified 'off_t_is_large' at file scope
configure:4487: $? = 1
configure: failed program was:
| /* confdefs.h */
| #define PACKAGE_NAME "udev"
| #define PACKAGE_TARNAME "udev"
| #define PACKAGE_VERSION "164"
| #define PACKAGE_STRING "udev 164"
| #define PACKAGE_BUGREPORT "linux-hotplug@vger.kernel.org"
| #define PACKAGE_URL ""
| #define PACKAGE "udev"
| #define VERSION "164"
| #define STDC_HEADERS 1
| #define HAVE_SYS_TYPES_H 1
| #define HAVE_SYS_STAT_H 1
| #define HAVE_STDLIB_H 1
| #define HAVE_STRING_H 1
| #define HAVE_MEMORY_H 1
| #define HAVE_STRINGS_H 1
| #define HAVE_INTTYPES_H 1
| #define HAVE_STDINT_H 1
| #define HAVE_UNISTD_H 1
| #define __EXTENSIONS__ 1
| #define _ALL_SOURCE 1
| #define _GNU_SOURCE 1
| #define _POSIX_PTHREAD_SEMANTICS 1
| #define _TANDEM_SOURCE 1
| /* end confdefs.h.  */
| #include <sys/types.h>
|  /* Check that off_t can represent 2**63 - 1 correctly.
|     We can't simply define LARGE_OFF_T to be 9223372036854775807,
|     since some C++ compilers masquerading as C compilers
|     incorrectly reject 9223372036854775807.  */
| #define LARGE_OFF_T (((off_t) 1 << 62) - 1 + ((off_t) 1 << 62))
|   int off_t_is_large[(LARGE_OFF_T % 2147483629 == 721
| 		       && LARGE_OFF_T % 2147483647 == 1)
| 		      ? 1 : -1];
| int
| main ()
| {
| 
|   ;
|   return 0;
| }
configure:4511: /opt/arm-2010.09/bin/arm-none-linux-gnueabi-gcc -c -Os -pipe  -I/home/ymorgan/ardrone-2.1.16/linux/ardrone2_ARDrone2_Version_20120127_2/Linux/lucie/build/staging-dir_arm_ardrone2/include -I/home/ymorgan/ardrone-2.1.16/linux/ardrone2_ARDrone2_Version_20120127_2/Linux/lucie/build/staging-dir_arm_ardrone2/usr/include -I/opt/arm-2010.09/arm-none-linux-gnueabi/include   -Os -pipe  -I/home/ymorgan/ardrone-2.1.16/linux/ardrone2_ARDrone2_Version_20120127_2/Linux/lucie/build/staging-dir_arm_ardrone2/include -I/home/ymorgan/ardrone-2.1.16/linux/ardrone2_ARDrone2_Version_20120127_2/Linux/lucie/build/staging-dir_arm_ardrone2/usr/include -I/opt/arm-2010.09/arm-none-linux-gnueabi/include   conftest.c >&5
configure:4511: $? = 0
configure:4519: result: 64
configure:4632: checking build system type
configure:4646: result: i686-pc-linux-gnu
configure:4666: checking host system type
configure:4679: result: arm-none-linux-gnueabi
configure:4699: checking for a sed that does not truncate output
configure:4763: result: /bin/sed
configure:4781: checking for fgrep
configure:4843: result: /bin/grep -F
configure:4878: checking for ld used by /opt/arm-2010.09/bin/arm-none-linux-gnueabi-gcc
configure:4945: result: /opt/arm-2010.09/bin/arm-none-linux-gnueabi-ld
configure:4952: checking if the linker (/opt/arm-2010.09/bin/arm-none-linux-gnueabi-ld) is GNU ld
configure:4967: result: yes
configure:4979: checking for BSD- or MS-compatible name lister (nm)
configure:5028: result: /opt/arm-2010.09/bin/arm-none-linux-gnueabi-nm
configure:5146: checking the name lister (/opt/arm-2010.09/bin/arm-none-linux-gnueabi-nm) interface
configure:5153: /opt/arm-2010.09/bin/arm-none-linux-gnueabi-gcc -c -Os -pipe  -I/home/ymorgan/ardrone-2.1.16/linux/ardrone2_ARDrone2_Version_20120127_2/Linux/lucie/build/staging-dir_arm_ardrone2/include -I/home/ymorgan/ardrone-2.1.16/linux/ardrone2_ARDrone2_Version_20120127_2/Linux/lucie/build/staging-dir_arm_ardrone2/usr/include -I/opt/arm-2010.09/arm-none-linux-gnueabi/include   -Os -pipe  -I/home/ymorgan/ardrone-2.1.16/linux/ardrone2_ARDrone2_Version_20120127_2/Linux/lucie/build/staging-dir_arm_ardrone2/include -I/home/ymorgan/ardrone-2.1.16/linux/ardrone2_ARDrone2_Version_20120127_2/Linux/lucie/build/staging-dir_arm_ardrone2/usr/include -I/opt/arm-2010.09/arm-none-linux-gnueabi/include   conftest.c >&5
configure:5156: /opt/arm-2010.09/bin/arm-none-linux-gnueabi-nm "conftest.o"
configure:5159: output
00000000 B some_variable
configure:5166: result: BSD nm
configure:5169: checking whether ln -s works
configure:5173: result: yes
configure:5181: checking the maximum length of command line arguments
configure:5301: result: 805306365
configure:5318: checking whether the shell understands some XSI constructs
configure:5328: result: yes
configure:5332: checking whether the shell understands "+="
configure:5338: result: yes
configure:5373: checking for /opt/arm-2010.09/bin/arm-none-linux-gnueabi-ld option to reload object files
configure:5380: result: -r
configure:5409: checking for arm-none-linux-gnueabi-objdump
configure:5425: found /opt/arm-2010.09/bin/arm-none-linux-gnueabi-objdump
configure:5436: result: arm-none-linux-gnueabi-objdump
configure:5508: checking how to recognize dependent libraries
configure:5704: result: pass_all
configure:5724: checking for arm-none-linux-gnueabi-ar
configure:5751: result: /opt/arm-2010.09/bin/arm-none-linux-gnueabi-ar
configure:5829: checking for arm-none-linux-gnueabi-strip
configure:5856: result: /opt/arm-2010.09/bin/arm-none-linux-gnueabi-strip
configure:5928: checking for arm-none-linux-gnueabi-ranlib
configure:5955: result: /opt/arm-2010.09/bin/arm-none-linux-gnueabi-ranlib
configure:6085: checking command to parse /opt/arm-2010.09/bin/arm-none-linux-gnueabi-nm output from /opt/arm-2010.09/bin/arm-none-linux-gnueabi-gcc object
configure:6203: /opt/arm-2010.09/bin/arm-none-linux-gnueabi-gcc -c -Os -pipe  -I/home/ymorgan/ardrone-2.1.16/linux/ardrone2_ARDrone2_Version_20120127_2/Linux/lucie/build/staging-dir_arm_ardrone2/include -I/home/ymorgan/ardrone-2.1.16/linux/ardrone2_ARDrone2_Version_20120127_2/Linux/lucie/build/staging-dir_arm_ardrone2/usr/include -I/opt/arm-2010.09/arm-none-linux-gnueabi/include   -Os -pipe  -I/home/ymorgan/ardrone-2.1.16/linux/ardrone2_ARDrone2_Version_20120127_2/Linux/lucie/build/staging-dir_arm_ardrone2/include -I/home/ymorgan/ardrone-2.1.16/linux/ardrone2_ARDrone2_Version_20120127_2/Linux/lucie/build/staging-dir_arm_ardrone2/usr/include -I/opt/arm-2010.09/arm-none-linux-gnueabi/include   conftest.c >&5
configure:6206: $? = 0
configure:6210: /opt/arm-2010.09/bin/arm-none-linux-gnueabi-nm conftest.o \| sed -n -e 's/^.*[	 ]\([ABCDGIRSTW][ABCDGIRSTW]*\)[	 ][	 ]*\([_A-Za-z][_A-Za-z0-9]*\)$/\1 \2 \2/p' \> conftest.nm
configure:6213: $? = 0
configure:6267: /opt/arm-2010.09/bin/arm-none-linux-gnueabi-gcc -o conftest -Os -pipe  -I/home/ymorgan/ardrone-2.1.16/linux/ardrone2_ARDrone2_Version_20120127_2/Linux/lucie/build/staging-dir_arm_ardrone2/include -I/home/ymorgan/ardrone-2.1.16/linux/ardrone2_ARDrone2_Version_20120127_2/Linux/lucie/build/staging-dir_arm_ardrone2/usr/include -I/opt/arm-2010.09/arm-none-linux-gnueabi/include   -Os -pipe  -I/home/ymorgan/ardrone-2.1.16/linux/ardrone2_ARDrone2_Version_20120127_2/Linux/lucie/build/staging-dir_arm_ardrone2/include -I/home/ymorgan/ardrone-2.1.16/linux/ardrone2_ARDrone2_Version_20120127_2/Linux/lucie/build/staging-dir_arm_ardrone2/usr/include -I/opt/arm-2010.09/arm-none-linux-gnueabi/include   -L/home/ymorgan/ardrone-2.1.16/linux/ardrone2_ARDrone2_Version_20120127_2/Linux/lucie/build/staging-dir_arm_ardrone2/lib -L/home/ymorgan/ardrone-2.1.16/linux/ardrone2_ARDrone2_Version_20120127_2/Linux/lucie/build/staging-dir_arm_ardrone2/usr/lib conftest.c conftstm.o >&5
configure:6270: $? = 0
configure:6308: result: ok
configure:7113: checking for dlfcn.h
configure:7113: /opt/arm-2010.09/bin/arm-none-linux-gnueabi-gcc -c -Os -pipe  -I/home/ymorgan/ardrone-2.1.16/linux/ardrone2_ARDrone2_Version_20120127_2/Linux/lucie/build/staging-dir_arm_ardrone2/include -I/home/ymorgan/ardrone-2.1.16/linux/ardrone2_ARDrone2_Version_20120127_2/Linux/lucie/build/staging-dir_arm_ardrone2/usr/include -I/opt/arm-2010.09/arm-none-linux-gnueabi/include   -Os -pipe  -I/home/ymorgan/ardrone-2.1.16/linux/ardrone2_ARDrone2_Version_20120127_2/Linux/lucie/build/staging-dir_arm_ardrone2/include -I/home/ymorgan/ardrone-2.1.16/linux/ardrone2_ARDrone2_Version_20120127_2/Linux/lucie/build/staging-dir_arm_ardrone2/usr/include -I/opt/arm-2010.09/arm-none-linux-gnueabi/include   conftest.c >&5
configure:7113: $? = 0
configure:7113: result: yes
configure:7267: checking for objdir
configure:7282: result: .libs
configure:7578: checking if /opt/arm-2010.09/bin/arm-none-linux-gnueabi-gcc supports -fno-rtti -fno-exceptions
configure:7596: /opt/arm-2010.09/bin/arm-none-linux-gnueabi-gcc -c -Os -pipe  -I/home/ymorgan/ardrone-2.1.16/linux/ardrone2_ARDrone2_Version_20120127_2/Linux/lucie/build/staging-dir_arm_ardrone2/include -I/home/ymorgan/ardrone-2.1.16/linux/ardrone2_ARDrone2_Version_20120127_2/Linux/lucie/build/staging-dir_arm_ardrone2/usr/include -I/opt/arm-2010.09/arm-none-linux-gnueabi/include   -Os -pipe  -I/home/ymorgan/ardrone-2.1.16/linux/ardrone2_ARDrone2_Version_20120127_2/Linux/lucie/build/staging-dir_arm_ardrone2/include -I/home/ymorgan/ardrone-2.1.16/linux/ardrone2_ARDrone2_Version_20120127_2/Linux/lucie/build/staging-dir_arm_ardrone2/usr/include -I/opt/arm-2010.09/arm-none-linux-gnueabi/include   -fno-rtti -fno-exceptions conftest.c >&5
cc1: warning: command line option "-fno-rtti" is valid for C++/ObjC++ but not for C
configure:7600: $? = 0
configure:7613: result: no
configure:7633: checking for /opt/arm-2010.09/bin/arm-none-linux-gnueabi-gcc option to produce PIC
configure:7905: result: -fPIC -DPIC
configure:7917: checking if /opt/arm-2010.09/bin/arm-none-linux-gnueabi-gcc PIC flag -fPIC -DPIC works
configure:7935: /opt/arm-2010.09/bin/arm-none-linux-gnueabi-gcc -c -Os -pipe  -I/home/ymorgan/ardrone-2.1.16/linux/ardrone2_ARDrone2_Version_20120127_2/Linux/lucie/build/staging-dir_arm_ardrone2/include -I/home/ymorgan/ardrone-2.1.16/linux/ardrone2_ARDrone2_Version_20120127_2/Linux/lucie/build/staging-dir_arm_ardrone2/usr/include -I/opt/arm-2010.09/arm-none-linux-gnueabi/include   -Os -pipe  -I/home/ymorgan/ardrone-2.1.16/linux/ardrone2_ARDrone2_Version_20120127_2/Linux/lucie/build/staging-dir_arm_ardrone2/include -I/home/ymorgan/ardrone-2.1.16/linux/ardrone2_ARDrone2_Version_20120127_2/Linux/lucie/build/staging-dir_arm_ardrone2/usr/include -I/opt/arm-2010.09/arm-none-linux-gnueabi/include   -fPIC -DPIC -DPIC conftest.c >&5
configure:7939: $? = 0
configure:7952: result: yes
configure:7976: checking if /opt/arm-2010.09/bin/arm-none-linux-gnueabi-gcc static flag -static works
configure:8004: result: yes
configure:8019: checking if /opt/arm-2010.09/bin/arm-none-linux-gnueabi-gcc supports -c -o file.o
configure:8040: /opt/arm-2010.09/bin/arm-none-linux-gnueabi-gcc -c -Os -pipe  -I/home/ymorgan/ardrone-2.1.16/linux/ardrone2_ARDrone2_Version_20120127_2/Linux/lucie/build/staging-dir_arm_ardrone2/include -I/home/ymorgan/ardrone-2.1.16/linux/ardrone2_ARDrone2_Version_20120127_2/Linux/lucie/build/staging-dir_arm_ardrone2/usr/include -I/opt/arm-2010.09/arm-none-linux-gnueabi/include   -Os -pipe  -I/home/ymorgan/ardrone-2.1.16/linux/ardrone2_ARDrone2_Version_20120127_2/Linux/lucie/build/staging-dir_arm_ardrone2/include -I/home/ymorgan/ardrone-2.1.16/linux/ardrone2_ARDrone2_Version_20120127_2/Linux/lucie/build/staging-dir_arm_ardrone2/usr/include -I/opt/arm-2010.09/arm-none-linux-gnueabi/include   -o out/conftest2.o conftest.c >&5
configure:8044: $? = 0
configure:8066: result: yes
configure:8074: checking if /opt/arm-2010.09/bin/arm-none-linux-gnueabi-gcc supports -c -o file.o
configure:8121: result: yes
configure:8154: checking whether the /opt/arm-2010.09/bin/arm-none-linux-gnueabi-gcc linker (/opt/arm-2010.09/bin/arm-none-linux-gnueabi-ld) supports shared libraries
configure:9140: result: yes
configure:9177: checking whether -lc should be explicitly linked in
configure:9182: /opt/arm-2010.09/bin/arm-none-linux-gnueabi-gcc -c -Os -pipe  -I/home/ymorgan/ardrone-2.1.16/linux/ardrone2_ARDrone2_Version_20120127_2/Linux/lucie/build/staging-dir_arm_ardrone2/include -I/home/ymorgan/ardrone-2.1.16/linux/ardrone2_ARDrone2_Version_20120127_2/Linux/lucie/build/staging-dir_arm_ardrone2/usr/include -I/opt/arm-2010.09/arm-none-linux-gnueabi/include   -Os -pipe  -I/home/ymorgan/ardrone-2.1.16/linux/ardrone2_ARDrone2_Version_20120127_2/Linux/lucie/build/staging-dir_arm_ardrone2/include -I/home/ymorgan/ardrone-2.1.16/linux/ardrone2_ARDrone2_Version_20120127_2/Linux/lucie/build/staging-dir_arm_ardrone2/usr/include -I/opt/arm-2010.09/arm-none-linux-gnueabi/include   conftest.c >&5
configure:9185: $? = 0
configure:9200: /opt/arm-2010.09/bin/arm-none-linux-gnueabi-gcc -shared conftest.o  -v -Wl,-soname -Wl,conftest -o conftest 2\>\&1 \| /bin/grep  -lc  \>/dev/null 2\>\&1
configure:9203: $? = 0
configure:9215: result: no
configure:9379: checking dynamic linker characteristics
configure:9812: /opt/arm-2010.09/bin/arm-none-linux-gnueabi-gcc -o conftest -Os -pipe  -I/home/ymorgan/ardrone-2.1.16/linux/ardrone2_ARDrone2_Version_20120127_2/Linux/lucie/build/staging-dir_arm_ardrone2/include -I/home/ymorgan/ardrone-2.1.16/linux/ardrone2_ARDrone2_Version_20120127_2/Linux/lucie/build/staging-dir_arm_ardrone2/usr/include -I/opt/arm-2010.09/arm-none-linux-gnueabi/include   -Os -pipe  -I/home/ymorgan/ardrone-2.1.16/linux/ardrone2_ARDrone2_Version_20120127_2/Linux/lucie/build/staging-dir_arm_ardrone2/include -I/home/ymorgan/ardrone-2.1.16/linux/ardrone2_ARDrone2_Version_20120127_2/Linux/lucie/build/staging-dir_arm_ardrone2/usr/include -I/opt/arm-2010.09/arm-none-linux-gnueabi/include   -L/home/ymorgan/ardrone-2.1.16/linux/ardrone2_ARDrone2_Version_20120127_2/Linux/lucie/build/staging-dir_arm_ardrone2/lib -L/home/ymorgan/ardrone-2.1.16/linux/ardrone2_ARDrone2_Version_20120127_2/Linux/lucie/build/staging-dir_arm_ardrone2/usr/lib -Wl,-rpath -Wl,/foo conftest.c  >&5
configure:9812: $? = 0
configure:10030: result: GNU/Linux ld.so
configure:10132: checking how to hardcode library paths into programs
configure:10157: result: immediate
configure:10677: checking whether stripping libraries is possible
configure:10682: result: yes
configure:10717: checking if libtool supports shared libraries
configure:10719: result: yes
configure:10722: checking whether to build shared libraries
configure:10743: result: yes
configure:10746: checking whether to build static libraries
configure:10750: result: no
configure:10789: checking for gawk
configure:10816: result: gawk
configure:10935: checking pkg-config is at least version 0.9.0
configure:10941: result: no
configure:10950: checking for gtkdoc-check
configure:10983: result: no
configure:10992: checking for gtkdoc-rebase
configure:11025: result: no
configure:11036: checking for gtkdoc-mkpdf
configure:11069: result: no
configure:11107: checking whether to build gtk-doc documentation
configure:11109: result: no
configure:11176: checking for xsltproc
configure:11194: found /usr/bin/xsltproc
configure:11206: result: /usr/bin/xsltproc
configure:12136: creating ./config.status

## ---------------------- ##
## Running config.status. ##
## ---------------------- ##

This file was extended by udev config.status 164, which was
generated by GNU Autoconf 2.67.  Invocation command line was

  CONFIG_FILES    = 
  CONFIG_HEADERS  = 
  CONFIG_LINKS    = 
  CONFIG_COMMANDS = 
  $ ./config.status 

on robin

config.status:1144: creating Makefile
config.status:1144: creating udev/udev.pc
config.status:1144: creating init/udev.service
config.status:1144: creating init/udev-settle.service
config.status:1144: creating init/udev-retry.service
config.status:1144: creating libudev/libudev.pc
config.status:1144: creating libudev/docs/Makefile
config.status:1144: creating libudev/docs/version.xml
config.status:1144: creating extras/gudev/gudev-1.0.pc
config.status:1144: creating extras/gudev/docs/Makefile
config.status:1144: creating extras/gudev/docs/version.xml
config.status:1144: creating config.h
config.status:1372: executing depfiles commands
config.status:1372: executing libtool commands
configure:14398: result:
	udev 164
	========

	prefix:			/usr
	sysconfdir:		${prefix}/etc
	sbindir:		${exec_prefix}/sbin
	libdir:			${exec_prefix}/lib
	rootlibdir:		${exec_prefix}/lib
	libexecdir:		/lib/udev

	datarootdir:		${prefix}/share
	mandir:			${datarootdir}/man
	includedir:		${prefix}/include

	include_prefix:		

	systemdsystemunitdir:	

	logging:		yes
	debug:			no
	selinux:		no

	compiler:		/opt/arm-2010.09/bin/arm-none-linux-gnueabi-gcc
	cflags:			-Os -pipe  -I/home/ymorgan/ardrone-2.1.16/linux/ardrone2_ARDrone2_Version_20120127_2/Linux/lucie/build/staging-dir_arm_ardrone2/include -I/home/ymorgan/ardrone-2.1.16/linux/ardrone2_ARDrone2_Version_20120127_2/Linux/lucie/build/staging-dir_arm_ardrone2/usr/include -I/opt/arm-2010.09/arm-none-linux-gnueabi/include  
	ldflags:		-L/home/ymorgan/ardrone-2.1.16/linux/ardrone2_ARDrone2_Version_20120127_2/Linux/lucie/build/staging-dir_arm_ardrone2/lib -L/home/ymorgan/ardrone-2.1.16/linux/ardrone2_ARDrone2_Version_20120127_2/Linux/lucie/build/staging-dir_arm_ardrone2/usr/lib

	extras:			no
	gintrospection:		no

	usb.ids:		
	pci.ids:		
	firmware path:		\"/lib/firmware/updates/\", \"/lib/firmware/\"

	xsltproc:		/usr/bin/xsltproc
	gperf:			


## ---------------- ##
## Cache variables. ##
## ---------------- ##[]

ac_cv_build=i686-pc-linux-gnu
ac_cv_c_compiler_gnu=yes
ac_cv_env_CC_set=set
ac_cv_env_CC_value=/opt/arm-2010.09/bin/arm-none-linux-gnueabi-gcc
ac_cv_env_CFLAGS_set=set
ac_cv_env_CFLAGS_value='-Os -pipe  -I/home/ymorgan/ardrone-2.1.16/linux/ardrone2_ARDrone2_Version_20120127_2/Linux/lucie/build/staging-dir_arm_ardrone2/include -I/home/ymorgan/ardrone-2.1.16/linux/ardrone2_ARDrone2_Version_20120127_2/Linux/lucie/build/staging-dir_arm_ardrone2/usr/include -I/opt/arm-2010.09/arm-none-linux-gnueabi/include  '
ac_cv_env_CPPFLAGS_set=set
ac_cv_env_CPPFLAGS_value='-Os -pipe  -I/home/ymorgan/ardrone-2.1.16/linux/ardrone2_ARDrone2_Version_20120127_2/Linux/lucie/build/staging-dir_arm_ardrone2/include -I/home/ymorgan/ardrone-2.1.16/linux/ardrone2_ARDrone2_Version_20120127_2/Linux/lucie/build/staging-dir_arm_ardrone2/usr/include -I/opt/arm-2010.09/arm-none-linux-gnueabi/include  '
ac_cv_env_CPP_set=set
ac_cv_env_CPP_value=/opt/arm-2010.09/bin/arm-none-linux-gnueabi-cpp
ac_cv_env_GLIB_CFLAGS_set=
ac_cv_env_GLIB_CFLAGS_value=
ac_cv_env_GLIB_LIBS_set=
ac_cv_env_GLIB_LIBS_value=
ac_cv_env_INTROSPECTION_CFLAGS_set=
ac_cv_env_INTROSPECTION_CFLAGS_value=
ac_cv_env_INTROSPECTION_LIBS_set=
ac_cv_env_INTROSPECTION_LIBS_value=
ac_cv_env_LDFLAGS_set=set
ac_cv_env_LDFLAGS_value='-L/home/ymorgan/ardrone-2.1.16/linux/ardrone2_ARDrone2_Version_20120127_2/Linux/lucie/build/staging-dir_arm_ardrone2/lib -L/home/ymorgan/ardrone-2.1.16/linux/ardrone2_ARDrone2_Version_20120127_2/Linux/lucie/build/staging-dir_arm_ardrone2/usr/lib'
ac_cv_env_LIBS_set=
ac_cv_env_LIBS_value=
ac_cv_env_LIBUSB_CFLAGS_set=
ac_cv_env_LIBUSB_CFLAGS_value=
ac_cv_env_LIBUSB_LIBS_set=
ac_cv_env_LIBUSB_LIBS_value=
ac_cv_env_PKG_CONFIG_LIBDIR_set=
ac_cv_env_PKG_CONFIG_LIBDIR_value=
ac_cv_env_PKG_CONFIG_PATH_set=
ac_cv_env_PKG_CONFIG_PATH_value=
ac_cv_env_PKG_CONFIG_set=set
ac_cv_env_PKG_CONFIG_value=/home/ymorgan/ardrone-2.1.16/linux/ardrone2_ARDrone2_Version_20120127_2/Linux/lucie/build/staging-dir_arm_ardrone2/usr/bin/pkg-config
ac_cv_env_USBUTILS_CFLAGS_set=
ac_cv_env_USBUTILS_CFLAGS_value=
ac_cv_env_USBUTILS_LIBS_set=
ac_cv_env_USBUTILS_LIBS_value=
ac_cv_env_build_alias_set=
ac_cv_env_build_alias_value=
ac_cv_env_host_alias_set=set
ac_cv_env_host_alias_value=arm-none-linux-gnueabi
ac_cv_env_target_alias_set=
ac_cv_env_target_alias_value=
ac_cv_header_dlfcn_h=yes
ac_cv_header_inttypes_h=yes
ac_cv_header_memory_h=yes
ac_cv_header_minix_config_h=no
ac_cv_header_stdc=yes
ac_cv_header_stdint_h=yes
ac_cv_header_stdlib_h=yes
ac_cv_header_string_h=yes
ac_cv_header_strings_h=yes
ac_cv_header_sys_stat_h=yes
ac_cv_header_sys_types_h=yes
ac_cv_header_unistd_h=yes
ac_cv_host=arm-none-linux-gnueabi
ac_cv_objext=o
ac_cv_path_EGREP='/bin/grep -E'
ac_cv_path_FGREP='/bin/grep -F'
ac_cv_path_GREP=/bin/grep
ac_cv_path_SED=/bin/sed
ac_cv_path_XSLTPROC=/usr/bin/xsltproc
ac_cv_path_install='/usr/bin/install -c'
ac_cv_path_mkdir=/bin/mkdir
ac_cv_prog_AR=/opt/arm-2010.09/bin/arm-none-linux-gnueabi-ar
ac_cv_prog_AWK=gawk
ac_cv_prog_CC=/opt/arm-2010.09/bin/arm-none-linux-gnueabi-gcc
ac_cv_prog_CPP=/opt/arm-2010.09/bin/arm-none-linux-gnueabi-cpp
ac_cv_prog_OBJDUMP=arm-none-linux-gnueabi-objdump
ac_cv_prog_RANLIB=/opt/arm-2010.09/bin/arm-none-linux-gnueabi-ranlib
ac_cv_prog_STRIP=/opt/arm-2010.09/bin/arm-none-linux-gnueabi-strip
ac_cv_prog_cc_c89=
ac_cv_prog_cc_g=yes
ac_cv_prog_make_make_set=yes
ac_cv_safe_to_define___extensions__=yes
ac_cv_sys_file_offset_bits=64
ac_cv_sys_largefile_CC=no
am_cv_CC_dependencies_compiler_type=gcc3
lt_cv_deplibs_check_method=pass_all
lt_cv_file_magic_cmd='$MAGIC_CMD'
lt_cv_file_magic_test_file=
lt_cv_ld_reload_flag=-r
lt_cv_nm_interface='BSD nm'
lt_cv_objdir=.libs
lt_cv_path_LD=/opt/arm-2010.09/bin/arm-none-linux-gnueabi-ld
lt_cv_path_NM=/opt/arm-2010.09/bin/arm-none-linux-gnueabi-nm
lt_cv_prog_compiler_c_o=yes
lt_cv_prog_compiler_pic_works=yes
lt_cv_prog_compiler_rtti_exceptions=no
lt_cv_prog_compiler_static_works=yes
lt_cv_prog_gnu_ld=yes
lt_cv_sys_global_symbol_pipe='sed -n -e '\''s/^.*[	 ]\([ABCDGIRSTW][ABCDGIRSTW]*\)[	 ][	 ]*\([_A-Za-z][_A-Za-z0-9]*\)$/\1 \2 \2/p'\'''
lt_cv_sys_global_symbol_to_c_name_address='sed -n -e '\''s/^: \([^ ]*\) $/  {\"\1\", (void *) 0},/p'\'' -e '\''s/^[ABCDGIRSTW]* \([^ ]*\) \([^ ]*\)$/  {"\2", (void *) \&\2},/p'\'''
lt_cv_sys_global_symbol_to_c_name_address_lib_prefix='sed -n -e '\''s/^: \([^ ]*\) $/  {\"\1\", (void *) 0},/p'\'' -e '\''s/^[ABCDGIRSTW]* \([^ ]*\) \(lib[^ ]*\)$/  {"\2", (void *) \&\2},/p'\'' -e '\''s/^[ABCDGIRSTW]* \([^ ]*\) \([^ ]*\)$/  {"lib\2", (void *) \&\2},/p'\'''
lt_cv_sys_global_symbol_to_cdecl='sed -n -e '\''s/^T .* \(.*\)$/extern int \1();/p'\'' -e '\''s/^[ABCDGIRSTW]* .* \(.*\)$/extern char \1;/p'\'''
lt_cv_sys_max_cmd_len=805306365

## ----------------- ##
## Output variables. ##
## ----------------- ##[]

ACLOCAL='${SHELL} /home/ymorgan/ardrone-2.1.16/linux/ardrone2_ARDrone2_Version_20120127_2/Linux/lucie/build/build_arm_ardrone2/udev-164/missing --run aclocal-1.11'
AMDEPBACKSLASH='\'
AMDEP_FALSE='#'
AMDEP_TRUE=''
AMTAR='${SHELL} /home/ymorgan/ardrone-2.1.16/linux/ardrone2_ARDrone2_Version_20120127_2/Linux/lucie/build/build_arm_ardrone2/udev-164/missing --run tar'
AM_BACKSLASH='\'
AM_DEFAULT_VERBOSITY='0'
AR='/opt/arm-2010.09/bin/arm-none-linux-gnueabi-ar'
AUTOCONF='${SHELL} /home/ymorgan/ardrone-2.1.16/linux/ardrone2_ARDrone2_Version_20120127_2/Linux/lucie/build/build_arm_ardrone2/udev-164/missing --run autoconf'
AUTOHEADER='${SHELL} /home/ymorgan/ardrone-2.1.16/linux/ardrone2_ARDrone2_Version_20120127_2/Linux/lucie/build/build_arm_ardrone2/udev-164/missing --run autoheader'
AUTOMAKE='${SHELL} /home/ymorgan/ardrone-2.1.16/linux/ardrone2_ARDrone2_Version_20120127_2/Linux/lucie/build/build_arm_ardrone2/udev-164/missing --run automake-1.11'
AWK='gawk'
CC='/opt/arm-2010.09/bin/arm-none-linux-gnueabi-gcc'
CCDEPMODE='depmode=gcc3'
CFLAGS='-Os -pipe  -I/home/ymorgan/ardrone-2.1.16/linux/ardrone2_ARDrone2_Version_20120127_2/Linux/lucie/build/staging-dir_arm_ardrone2/include -I/home/ymorgan/ardrone-2.1.16/linux/ardrone2_ARDrone2_Version_20120127_2/Linux/lucie/build/staging-dir_arm_ardrone2/usr/include -I/opt/arm-2010.09/arm-none-linux-gnueabi/include  '
CPP='/opt/arm-2010.09/bin/arm-none-linux-gnueabi-cpp'
CPPFLAGS='-Os -pipe  -I/home/ymorgan/ardrone-2.1.16/linux/ardrone2_ARDrone2_Version_20120127_2/Linux/lucie/build/staging-dir_arm_ardrone2/include -I/home/ymorgan/ardrone-2.1.16/linux/ardrone2_ARDrone2_Version_20120127_2/Linux/lucie/build/staging-dir_arm_ardrone2/usr/include -I/opt/arm-2010.09/arm-none-linux-gnueabi/include  '
CYGPATH_W='echo'
DEFS='-DHAVE_CONFIG_H'
DEPDIR='.deps'
DSYMUTIL=''
DUMPBIN=''
ECHO_C=''
ECHO_N='-n'
ECHO_T=''
EGREP='/bin/grep -E'
ENABLE_EXTRAS_FALSE=''
ENABLE_EXTRAS_TRUE='#'
ENABLE_GTK_DOC_FALSE=''
ENABLE_GTK_DOC_TRUE='#'
ENABLE_INTROSPECTION_FALSE=''
ENABLE_INTROSPECTION_TRUE='#'
EXEEXT=''
FGREP='/bin/grep -F'
FIRMWARE_PATH='\"/lib/firmware/updates/\", \"/lib/firmware/\"'
GIRDIR=''
GIRTYPELIBDIR=''
GLIB_CFLAGS=''
GLIB_LIBS=''
GPERF=''
GREP='/bin/grep'
GTKDOC_CHECK=''
GTKDOC_MKPDF=''
GTKDOC_REBASE='true'
GTK_DOC_BUILD_HTML_FALSE='#'
GTK_DOC_BUILD_HTML_TRUE=''
GTK_DOC_BUILD_PDF_FALSE=''
GTK_DOC_BUILD_PDF_TRUE='#'
GTK_DOC_USE_LIBTOOL_FALSE='#'
GTK_DOC_USE_LIBTOOL_TRUE=''
GTK_DOC_USE_REBASE_FALSE='#'
GTK_DOC_USE_REBASE_TRUE=''
G_IR_COMPILER=''
G_IR_GENERATE=''
G_IR_SCANNER=''
HTML_DIR='${datadir}/gtk-doc/html'
INCLUDE_PREFIX=''
INSTALL_DATA='${INSTALL} -m 644'
INSTALL_PROGRAM='${INSTALL}'
INSTALL_SCRIPT='${INSTALL}'
INSTALL_STRIP_PROGRAM='$(install_sh) -c -s'
INTROSPECTION_CFLAGS=''
INTROSPECTION_LIBS=''
LD='/opt/arm-2010.09/bin/arm-none-linux-gnueabi-ld'
LDFLAGS='-L/home/ymorgan/ardrone-2.1.16/linux/ardrone2_ARDrone2_Version_20120127_2/Linux/lucie/build/staging-dir_arm_ardrone2/lib -L/home/ymorgan/ardrone-2.1.16/linux/ardrone2_ARDrone2_Version_20120127_2/Linux/lucie/build/staging-dir_arm_ardrone2/usr/lib'
LIBOBJS=''
LIBS=''
LIBTOOL='$(SHELL) $(top_builddir)/libtool'
LIBUSB_CFLAGS=''
LIBUSB_LIBS=''
LIPO=''
LN_S='ln -s'
LTLIBOBJS=''
MAKEINFO='${SHELL} /home/ymorgan/ardrone-2.1.16/linux/ardrone2_ARDrone2_Version_20120127_2/Linux/lucie/build/build_arm_ardrone2/udev-164/missing --run makeinfo'
MKDIR_P='/bin/mkdir -p'
NM='/opt/arm-2010.09/bin/arm-none-linux-gnueabi-nm'
NMEDIT=''
OBJDUMP='arm-none-linux-gnueabi-objdump'
OBJEXT='o'
OTOOL64=''
OTOOL=''
PACKAGE='udev'
PACKAGE_BUGREPORT='linux-hotplug@vger.kernel.org'
PACKAGE_NAME='udev'
PACKAGE_STRING='udev 164'
PACKAGE_TARNAME='udev'
PACKAGE_URL=''
PACKAGE_VERSION='164'
PATH_SEPARATOR=':'
PCI_DATABASE=''
PKG_CONFIG=''
PKG_CONFIG_LIBDIR=''
PKG_CONFIG_PATH=''
RANLIB='/opt/arm-2010.09/bin/arm-none-linux-gnueabi-ranlib'
SED='/bin/sed'
SELINUX_LIBS=''
SET_MAKE=''
SHELL='/bin/bash'
STRIP='/opt/arm-2010.09/bin/arm-none-linux-gnueabi-strip'
USBUTILS_CFLAGS=''
USBUTILS_LIBS=''
USB_DATABASE=''
VERSION='164'
WITH_SELINUX_FALSE=''
WITH_SELINUX_TRUE='#'
WITH_SYSTEMD_FALSE=''
WITH_SYSTEMD_TRUE='#'
XSLTPROC='/usr/bin/xsltproc'
ac_ct_CC=''
ac_ct_DUMPBIN=''
am__EXEEXT_FALSE=''
am__EXEEXT_TRUE='#'
am__fastdepCC_FALSE='#'
am__fastdepCC_TRUE=''
am__include='include'
am__isrc=''
am__leading_dot='.'
am__quote=''
am__tar='${AMTAR} chof - "$$tardir"'
am__untar='${AMTAR} xf -'
bindir='${exec_prefix}/bin'
build='i686-pc-linux-gnu'
build_alias=''
build_cpu='i686'
build_os='linux-gnu'
build_vendor='pc'
datadir='${datarootdir}'
datarootdir='${prefix}/share'
docdir='${datarootdir}/doc/${PACKAGE_TARNAME}'
dvidir='${docdir}'
exec_prefix='/'
host='arm-none-linux-gnueabi'
host_alias='arm-none-linux-gnueabi'
host_cpu='arm'
host_os='linux-gnueabi'
host_vendor='none'
htmldir='${docdir}'
includedir='${prefix}/include'
infodir='${datarootdir}/info'
install_sh='${SHELL} /home/ymorgan/ardrone-2.1.16/linux/ardrone2_ARDrone2_Version_20120127_2/Linux/lucie/build/build_arm_ardrone2/udev-164/install-sh'
libdir='${exec_prefix}/lib'
libexecdir='/lib/udev'
localedir='${datarootdir}/locale'
localstatedir='${prefix}/var'
lt_ECHO='echo'
mandir='${datarootdir}/man'
mkdir_p='/bin/mkdir -p'
oldincludedir='/usr/include'
pdfdir='${docdir}'
prefix='/usr'
program_transform_name='s,x,x,'
psdir='${docdir}'
rootlib_execdir='${exec_prefix}/lib'
sbindir='${exec_prefix}/sbin'
sharedstatedir='${prefix}/com'
sysconfdir='${prefix}/etc'
systemdsystemunitdir=''
target_alias=''

## ----------- ##
## confdefs.h. ##
## ----------- ##[]

/* confdefs.h */
#define PACKAGE_NAME "udev"
#define PACKAGE_TARNAME "udev"
#define PACKAGE_VERSION "164"
#define PACKAGE_STRING "udev 164"
#define PACKAGE_BUGREPORT "linux-hotplug@vger.kernel.org"
#define PACKAGE_URL ""
#define PACKAGE "udev"
#define VERSION "164"
#define STDC_HEADERS 1
#define HAVE_SYS_TYPES_H 1
#define HAVE_SYS_STAT_H 1
#define HAVE_STDLIB_H 1
#define HAVE_STRING_H 1
#define HAVE_MEMORY_H 1
#define HAVE_STRINGS_H 1
#define HAVE_INTTYPES_H 1
#define HAVE_STDINT_H 1
#define HAVE_UNISTD_H 1
#define __EXTENSIONS__ 1
#define _ALL_SOURCE 1
#define _GNU_SOURCE 1
#define _POSIX_PTHREAD_SEMANTICS 1
#define _TANDEM_SOURCE 1
#define _FILE_OFFSET_BITS 64
#define HAVE_DLFCN_H 1
#define LT_OBJDIR ".libs/"
#define ENABLE_LOGGING 1

configure: exit 0
